#
# There is insufficient memory for the Java Runtime Environment to continue.
# Native memory allocation (mmap) failed to map 123731968 bytes for G1 virtual space
# Possible reasons:
#   The system is out of physical RAM or swap space
#   The process is running with CompressedOops enabled, and the Java Heap may be blocking the growth of the native heap
# Possible solutions:
#   Reduce memory load on the system
#   Increase physical memory or swap space
#   Check if swap backing store is full
#   Decrease Java heap size (-Xmx/-Xms)
#   Decrease number of Java threads
#   Decrease Java thread stack sizes (-Xss)
#   Set larger code cache with -XX:ReservedCodeCacheSize=
#   JVM is running with Unscaled Compressed Oops mode in which the Java heap is
#     placed in the first 4GB address space. The Java Heap base address is the
#     maximum limit for the native heap growth. Please use -XX:HeapBaseMinAddress
#     to set the Java Heap base and to place the Java Heap above 4GB virtual address.
# This output file may be truncated or incomplete.
#
#  Out of Memory Error (os_windows.cpp:3469), pid=6308, tid=17700
#
# JRE version:  (17.0.1+12) (build )
# Java VM: Java HotSpot(TM) 64-Bit Server VM (17.0.1+12-LTS-39, mixed mode, sharing, tiered, compressed oops, compressed class ptrs, g1 gc, windows-amd64)
# No core dump will be written. Minidumps are not enabled by default on client versions of Windows
#

---------------  S U M M A R Y ------------

Command Line: 

Host: AMD Ryzen 7 4700U with Radeon Graphics         , 8 cores, 7G,  Windows 10 , 64 bit Build 22621 (10.0.22621.2070)
Time: Sun Aug 13 01:20:25 2023 Pakistan Standard Time elapsed time: 0.017791 seconds (0d 0h 0m 0s)

---------------  T H R E A D  ---------------

Current thread (0x0000011bc4debb20):  JavaThread "Unknown thread" [_thread_in_vm, id=17700, stack(0x0000000b9b100000,0x0000000b9b200000)]

Stack: [0x0000000b9b100000,0x0000000b9b200000]
Native frames: (J=compiled Java code, j=interpreted, Vv=VM code, C=native code)
V  [jvm.dll+0x66fa1a]
V  [jvm.dll+0x7ce5a4]
V  [jvm.dll+0x7cfd4e]
V  [jvm.dll+0x7d03b3]
V  [jvm.dll+0x242b05]
V  [jvm.dll+0x66ca39]
V  [jvm.dll+0x661502]
V  [jvm.dll+0x30081b]
V  [jvm.dll+0x307da6]
V  [jvm.dll+0x357a1e]
V  [jvm.dll+0x357c4f]
V  [jvm.dll+0x2d7ad8]
V  [jvm.dll+0x2d8a44]
V  [jvm.dll+0x7a01e1]
V  [jvm.dll+0x365791]
V  [jvm.dll+0x77f6cc]
V  [jvm.dll+0x3e812f]
V  [jvm.dll+0x3e9bd1]
C  [jli.dll+0x527b]
C  [ucrtbase.dll+0x29363]
C  [KERNEL32.DLL+0x126ad]
C  [ntdll.dll+0x5aa68]


---------------  P R O C E S S  ---------------

Threads class SMR info:
_java_thread_list=0x00007ffbc12b7818, length=0, elements={
}

Java Threads: ( => current thread )

Other Threads:
  0x0000011bc4e24e00 GCTaskThread "GC Thread#0" [stack: 0x0000000b9b200000,0x0000000b9b300000] [id=19184]
  0x0000011bc4e34aa0 ConcurrentGCThread "G1 Main Marker" [stack: 0x0000000b9b300000,0x0000000b9b400000] [id=14608]
  0x0000011bc4e36c60 ConcurrentGCThread "G1 Conc#0" [stack: 0x0000000b9b400000,0x0000000b9b500000] [id=10520]

[error occurred during error reporting (printing all threads), id 0xc0000005, EXCEPTION_ACCESS_VIOLATION (0xc0000005) at pc=0x00007ffbc0b084b7]

VM state: not at safepoint (not fully initialized)

VM Mutex/Monitor currently owned by a thread:  ([mutex/lock_event])
[0x0000011bc4dea550] Heap_lock - owner thread: 0x0000011bc4debb20

Heap address: 0x000000008a000000, size: 1888 MB, Compressed Oops mode: 32-bit

CDS archive(s) mapped at: [0x0000000000000000-0x0000000000000000-0x0000000000000000), size 0, SharedBaseAddress: 0x0000000800000000, ArchiveRelocationMode: 0.
Narrow klass base: 0x0000000000000000, Narrow klass shift: 0, Narrow klass range: 0x0

GC Precious Log:
<Empty>

Heap:
 garbage-first heap   total 0K, used 0K [0x000000008a000000, 0x0000000100000000)
  region size 1024K, 0 young (0K), 0 survivors (0K)

[error occurred during error reporting (printing heap information), id 0xc0000005, EXCEPTION_ACCESS_VIOLATION (0xc0000005) at pc=0x00007ffbc0ee8d89]

GC Heap History (0 events):
No events

Deoptimization events (0 events):
No events

Classes unloaded (0 events):
No events

Classes redefined (0 events):
No events

Internal exceptions (0 events):
No events

VM Operations (0 events):
No events

Events (1 events):
Event: 0.005 Loaded shared library C:\Program Files\Java\jdk-17.0.1\bin\java.dll


Dynamic libraries:
0x00007ff6bd720000 - 0x00007ff6bd730000 	C:\Program Files\Java\jdk-17.0.1\bin\java.exe
0x00007ffc15910000 - 0x00007ffc15b24000 	C:\WINDOWS\SYSTEM32\ntdll.dll
0x00007ffc14980000 - 0x00007ffc14a44000 	C:\WINDOWS\System32\KERNEL32.DLL
0x00007ffc13060000 - 0x00007ffc13404000 	C:\WINDOWS\System32\KERNELBASE.dll
0x00007ffc13410000 - 0x00007ffc13521000 	C:\WINDOWS\System32\ucrtbase.dll
0x00007ffbccf90000 - 0x00007ffbccfa8000 	C:\Program Files\Java\jdk-17.0.1\bin\jli.dll
0x00007ffbc1470000 - 0x00007ffbc148a000 	C:\Program Files\Java\jdk-17.0.1\bin\VCRUNTIME140.dll
0x00007ffc146c0000 - 0x00007ffc14770000 	C:\WINDOWS\System32\ADVAPI32.dll
0x00007ffc14ad0000 - 0x00007ffc14b77000 	C:\WINDOWS\System32\msvcrt.dll
0x00007ffc15300000 - 0x00007ffc153a6000 	C:\WINDOWS\System32\sechost.dll
0x00007ffc13760000 - 0x00007ffc13877000 	C:\WINDOWS\System32\RPCRT4.dll
0x00007ffc15720000 - 0x00007ffc158ca000 	C:\WINDOWS\System32\USER32.dll
0x00007ffc13030000 - 0x00007ffc13056000 	C:\WINDOWS\System32\win32u.dll
0x00007ffbf6fe0000 - 0x00007ffbf726f000 	C:\WINDOWS\WinSxS\amd64_microsoft.windows.common-controls_6595b64144ccf1df_6.0.22621.2070_none_2713e6537381f706\COMCTL32.dll
0x00007ffc145e0000 - 0x00007ffc14609000 	C:\WINDOWS\System32\GDI32.dll
0x00007ffc13530000 - 0x00007ffc13649000 	C:\WINDOWS\System32\gdi32full.dll
0x00007ffc12cf0000 - 0x00007ffc12d8a000 	C:\WINDOWS\System32\msvcp_win.dll
0x00007ffc08ee0000 - 0x00007ffc08eea000 	C:\WINDOWS\SYSTEM32\VERSION.dll
0x00007ffc15120000 - 0x00007ffc15151000 	C:\WINDOWS\System32\IMM32.DLL
0x00007ffbcd4a0000 - 0x00007ffbcd4ac000 	C:\Program Files\Java\jdk-17.0.1\bin\vcruntime140_1.dll
0x00007ffbc13e0000 - 0x00007ffbc146d000 	C:\Program Files\Java\jdk-17.0.1\bin\msvcp140.dll
0x00007ffbc0820000 - 0x00007ffbc13de000 	C:\Program Files\Java\jdk-17.0.1\bin\server\jvm.dll
0x00007ffc14c80000 - 0x00007ffc14c88000 	C:\WINDOWS\System32\PSAPI.DLL
0x00007ffbeb610000 - 0x00007ffbeb619000 	C:\WINDOWS\SYSTEM32\WSOCK32.dll
0x00007ffc10790000 - 0x00007ffc107c4000 	C:\WINDOWS\SYSTEM32\WINMM.dll
0x00007ffc14560000 - 0x00007ffc145d1000 	C:\WINDOWS\System32\WS2_32.dll
0x00007ffc11ce0000 - 0x00007ffc11cf8000 	C:\WINDOWS\SYSTEM32\kernel.appcore.dll
0x00007ffbccf80000 - 0x00007ffbccf8a000 	C:\Program Files\Java\jdk-17.0.1\bin\jimage.dll
0x00007ffc10560000 - 0x00007ffc1078e000 	C:\WINDOWS\SYSTEM32\DBGHELP.DLL
0x00007ffc141d0000 - 0x00007ffc1455a000 	C:\WINDOWS\System32\combase.dll
0x00007ffc14770000 - 0x00007ffc14847000 	C:\WINDOWS\System32\OLEAUT32.dll
0x00007ffc10520000 - 0x00007ffc10552000 	C:\WINDOWS\SYSTEM32\dbgcore.DLL
0x00007ffc13650000 - 0x00007ffc136ca000 	C:\WINDOWS\System32\bcryptPrimitives.dll
0x00007ffbc07c0000 - 0x00007ffbc07e5000 	C:\Program Files\Java\jdk-17.0.1\bin\java.dll

dbghelp: loaded successfully - version: 4.0.5 - missing functions: none
symbol engine: initialized successfully - sym options: 0x614 - pdb path: .;C:\Program Files\Java\jdk-17.0.1\bin;C:\WINDOWS\SYSTEM32;C:\WINDOWS\WinSxS\amd64_microsoft.windows.common-controls_6595b64144ccf1df_6.0.22621.2070_none_2713e6537381f706;C:\Program Files\Java\jdk-17.0.1\bin\server

VM Arguments:
java_command: <unknown>
java_class_path (initial): <not set>
Launcher Type: SUN_STANDARD

[Global flags]
     intx CICompilerCount                          = 4                                         {product} {ergonomic}
     uint ConcGCThreads                            = 2                                         {product} {ergonomic}
     uint G1ConcRefinementThreads                  = 8                                         {product} {ergonomic}
   size_t G1HeapRegionSize                         = 1048576                                   {product} {ergonomic}
    uintx GCDrainStackTargetSize                   = 64                                        {product} {ergonomic}
   size_t InitialHeapSize                          = 123731968                                 {product} {ergonomic}
   size_t MarkStackSize                            = 4194304                                   {product} {ergonomic}
   size_t MaxHeapSize                              = 1979711488                                {product} {ergonomic}
   size_t MinHeapDeltaBytes                        = 1048576                                   {product} {ergonomic}
   size_t MinHeapSize                              = 8388608                                   {product} {ergonomic}
    uintx NonNMethodCodeHeapSize                   = 5839372                                {pd product} {ergonomic}
    uintx NonProfiledCodeHeapSize                  = 122909434                              {pd product} {ergonomic}
    uintx ProfiledCodeHeapSize                     = 122909434                              {pd product} {ergonomic}
    uintx ReservedCodeCacheSize                    = 251658240                              {pd product} {ergonomic}
     bool SegmentedCodeCache                       = true                                      {product} {ergonomic}
   size_t SoftMaxHeapSize                          = 1979711488                             {manageable} {ergonomic}
     bool UseCompressedClassPointers               = true                           {product lp64_product} {ergonomic}
     bool UseCompressedOops                        = true                           {product lp64_product} {ergonomic}
     bool UseG1GC                                  = true                                      {product} {ergonomic}
     bool UseLargePagesIndividualAllocation        = false                                  {pd product} {ergonomic}

Logging:
Log output configuration:
 #0: stdout all=warning uptime,level,tags
 #1: stderr all=off uptime,level,tags

Environment Variables:
PATH=D:\PaidProj\Tabibi\node_modules\.bin;D:\PaidProj\node_modules\.bin;D:\node_modules\.bin;C:\Users\92310\AppData\Roaming\npm\node_modules\npm\node_modules\@npmcli\run-script\lib\node-gyp-bin;C:\Users\92310\AppData\Local\Programs\Python\Python310\Scripts\;C:\Users\92310\AppData\Local\Programs\Python\Python310\;D:\db_home\bin;C:\Program Files\Common Files\Oracle\Java\javapath;C:\Windows\system32;C:\Windows;C:\Windows\System32\Wbem;C:\Windows\System32\WindowsPowerShell\v1.0\;C:\Windows\System32\OpenSSH\;C:\Program Files\dotnet\;C:\xampp\php;C:\composer;C:\Program Files\Git\cmd;C:\Program Files\nodejs\;C:\ProgramData\chocolatey\bin;C:\Program Files\Microsoft SQL Server\Client SDK\ODBC\170\Tools\Binn\;C:\Program Files (x86)\Microsoft SQL Server\150\Tools\Binn\;C:\Program Files\Microsoft SQL Server\150\Tools\Binn\;C:\Program Files\Microsoft SQL Server\150\DTS\Binn\;C:\Program Files\Azure Data Studio\bin;C:\Program Files\Microsoft SQL Server\130\Tools\Binn\;C:\WINDOWS\system32;C:\WINDOWS;C:\WINDOWS\System32\Wbem;C:\WINDOWS\System32\WindowsPowerShell\v1.0\;C:\WINDOWS\System32\OpenSSH\;C:\Users\92310\AppData\Local\Microsoft\WindowsApps;C:\Users\92310\AppData\Local\Programs\Microsoft VS Code\bin;C:\Program Files\MongoDB\Server\5.0\bin;C:\Users\92310\AppData\Roaming\Microsoft\Windows\Start Menu\Programs\Python 3.10;C:\Users\92310\AppData\Roaming\Composer\vendor\bin;C:\Users\92310\AppData\Roaming\npm;D:\AppData\Android\Sdk\platform-tools;C:\ProgramData\92310\GitHubDesktop\bin;C:\Users\92310\AppData\Local\GitHubDesktop\bin;C:\Program Files\Azure Data Studio\bin;C:\Users\92310\.dotnet\tools;C:\Users\92310\AppData\Local\Programs\Python\Python311\Scripts;C:\Users\92310\AppData\Local\Programs\Python\Python311;D:\src\flutter\bin;C:\PHP;C:\xampp;C:\xampp\mysql\bin;
USERNAME=92310
LANG=en_US.UTF-8
OS=Windows_NT
PROCESSOR_IDENTIFIER=AMD64 Family 23 Model 96 Stepping 1, AuthenticAMD



---------------  S Y S T E M  ---------------

OS:
 Windows 10 , 64 bit Build 22621 (10.0.22621.2070)
OS uptime: 0 days 7:39 hours

CPU: total 8 (initial active 8) (8 cores per cpu, 1 threads per core) family 23 model 96 stepping 1 microcode 0x0, cx8, cmov, fxsr, mmx, 3dnowpref, sse, sse2, sse3, ssse3, sse4a, sse4.1, sse4.2, popcnt, lzcnt, tsc, tscinvbit, avx, avx2, aes, clmul, bmi1, bmi2, adx, sha, fma, vzeroupper, clflush, clflushopt

Memory: 4k page, system-wide physical 7545M (1106M free)
TotalPageFile size 13675M (AvailPageFile size 81M)
current process WorkingSet (physical memory assigned to process): 11M, peak: 11M
current process commit charge ("private bytes"): 60M, peak: 178M

vm_info: Java HotSpot(TM) 64-Bit Server VM (17.0.1+12-LTS-39) for windows-amd64 JRE (17.0.1+12-LTS-39), built on Sep 27 2021 18:41:35 by "mach5one" with MS VC++ 16.8 (VS2019)

END.
